===Fri Mar 15 04:05:01 PM WITA 2024 Start ===
===Fri Mar 15 04:05:01 PM WITA 2024 1st ===

== Kawal Pemilu START ==
16:05:02 KP ppwp ✅
16:05:02 ACEH 
16:05:02 BALI 
16:05:03 BANTEN 
16:05:03 BENGKULU ✅
16:05:03 DAERAH ISTIMEWA YOGYAKARTA 
16:05:04 DKI JAKARTA 
16:05:04 GORONTALO 
16:05:05 JAMBI 
16:05:05 JAWA BARAT 
16:05:05 JAWA TENGAH 
16:05:05 JAWA TIMUR ✅
16:05:06 KALIMANTAN BARAT 
16:05:06 KALIMANTAN SELATAN 
16:05:06 KALIMANTAN TENGAH 
16:05:06 KALIMANTAN TIMUR 
16:05:07 KALIMANTAN UTARA 
16:05:07 KEPULAUAN BANGKA BELITUNG 
16:05:08 KEPULAUAN RIAU 
16:05:08 LAMPUNG 
16:05:09 Luar Negeri 
16:05:09 MALUKU 
16:05:10 MALUKU UTARA 
16:05:10 NUSA TENGGARA BARAT 
16:05:10 NUSA TENGGARA TIMUR 
16:05:10 P A P U A 
16:05:11 PAPUA BARAT 
16:05:12 PAPUA BARAT DAYA 
16:05:12 PAPUA PEGUNUNGAN 
16:05:12 PAPUA SELATAN 
16:05:12 PAPUA TENGAH 
16:05:13 RIAU 
16:05:13 SULAWESI BARAT 
16:05:14 SULAWESI SELATAN 
16:05:15 SULAWESI TENGAH 
16:05:15 SULAWESI TENGGARA 
16:05:17 SULAWESI UTARA 
16:05:17 SUMATERA BARAT 
16:05:17 SUMATERA SELATAN 
16:05:18 SUMATERA UTARA 
== Kawal Pemilu END ==

== KPU START ==
16:05:18 ppwp ✅
16:05:20 ACEH 
16:05:21 BALI 
16:05:23 BANTEN 
16:05:24 BENGKULU 
16:05:26 DAERAH ISTIMEWA YOGYAKARTA 
16:05:28 DKI JAKARTA 
16:05:29 GORONTALO 
16:05:31 JAMBI 
16:05:32 JAWA BARAT 
16:05:34 JAWA TENGAH ✅
16:05:36 JAWA TIMUR 
16:05:37 KALIMANTAN BARAT 
16:05:39 KALIMANTAN SELATAN 
16:05:41 KALIMANTAN TENGAH 
16:05:42 KALIMANTAN TIMUR 
16:05:44 KALIMANTAN UTARA 
16:05:46 KEPULAUAN BANGKA BELITUNG 
16:05:47 KEPULAUAN RIAU 
16:05:49 LAMPUNG 
16:05:51 Luar Negeri ✅
16:05:52 MALUKU 
16:05:54 MALUKU UTARA 
16:05:56 NUSA TENGGARA BARAT ✅
16:05:57 NUSA TENGGARA TIMUR 
16:05:59 P A P U A 
16:06:01 PAPUA BARAT 
16:06:03 PAPUA BARAT DAYA 
16:06:04 PAPUA PEGUNUNGAN 
16:06:06 PAPUA SELATAN 
16:06:07 PAPUA TENGAH 
16:06:09 RIAU 
16:06:11 SULAWESI BARAT 
16:06:12 SULAWESI SELATAN 
16:06:14 SULAWESI TENGAH 
16:06:15 SULAWESI TENGGARA 
16:06:17 SULAWESI UTARA 
16:06:19 SUMATERA BARAT 
16:06:20 SUMATERA SELATAN 
16:06:22 SUMATERA UTARA 
== KPU END ==

== Partai START ==
16:06:23 Partai ✅
== Partai END ==
From github.com:ardfank/ppwp
 * branch              main       -> FETCH_HEAD
Already up to date.
